<?xml version="1.0" encoding="UTF-8"?>
<testng-results skipped="0" failed="0" ignored="0" total="1" passed="1">
  <reporter-output>
  </reporter-output>
  <suite name="Default suite" duration-ms="5275" started-at="2019-08-05T11:27:26Z" finished-at="2019-08-05T11:27:31Z">
    <groups>
    </groups>
    <test name="Default test" duration-ms="5275" started-at="2019-08-05T11:27:26Z" finished-at="2019-08-05T11:27:31Z">
      <class name="fifthAug19Retest.fifthAug19.ReTest1">
        <test-method status="PASS" signature="f()[pri:0, instance:fifthAug19Retest.fifthAug19.ReTest1@4b9e13df]" name="f" duration-ms="5251" started-at="2019-08-05T11:27:26Z" finished-at="2019-08-05T11:27:31Z">
          <reporter-output>
          </reporter-output>
        </test-method> <!-- f -->
      </class> <!-- fifthAug19Retest.fifthAug19.ReTest1 -->
    </test> <!-- Default test -->
  </suite> <!-- Default suite -->
</testng-results>
